#-----------------------------------------------------------
# Vivado v2018.2 (64-bit)
# SW Build 2258646 on Thu Jun 14 20:03:12 MDT 2018
# IP Build 2256618 on Thu Jun 14 22:10:49 MDT 2018
# Start of session at: Sat Jul 30 16:12:37 2022
# Process ID: 10984
# Current directory: C:/Users/DELL/Desktop/Nanoprocessor Design Project Files/6. Mux_8_way_4_bit_1
# Command line: vivado.exe -gui_launcher_event rodinguilauncherevent16968 C:\Users\DELL\Desktop\Nanoprocessor Design Project Files\6. Mux_8_way_4_bit_1\Mux_8_way_4_bit_1.xpr
# Log file: C:/Users/DELL/Desktop/Nanoprocessor Design Project Files/6. Mux_8_way_4_bit_1/vivado.log
# Journal file: C:/Users/DELL/Desktop/Nanoprocessor Design Project Files/6. Mux_8_way_4_bit_1\vivado.jou
#-----------------------------------------------------------
start_gui
open_project {C:/Users/DELL/Desktop/Nanoprocessor Design Project Files/6. Mux_8_way_4_bit_1/Mux_8_way_4_bit_1.xpr}
Scanning sources...
Finished scanning sources
INFO: [IP_Flow 19-234] Refreshing IP repositories
INFO: [IP_Flow 19-1700] Loaded user IP repository 'e:/01. Engineering UOM/2. Second Semester/3. CS1050 - Computer Organization and Digital Design/2. Labs/IPs/Mux_8_way_4_bit'.
INFO: [IP_Flow 19-2313] Loaded Vivado IP repository 'C:/Xilinx/Vivado/2018.2/data/ip'.
open_project: Time (s): cpu = 00:00:11 ; elapsed = 00:00:06 . Memory (MB): peak = 902.012 ; gain = 160.691
update_compile_order -fileset sources_1
synth_design -rtl -name rtl_1
Command: synth_design -rtl -name rtl_1
Starting synth_design
Using part: xc7a35tcpg236-1
Top: Mux_8_way_4_bit
---------------------------------------------------------------------------------
Starting RTL Elaboration : Time (s): cpu = 00:00:02 ; elapsed = 00:00:02 . Memory (MB): peak = 1013.164 ; gain = 104.375
---------------------------------------------------------------------------------
INFO: [Synth 8-638] synthesizing module 'Mux_8_way_4_bit' [C:/Users/DELL/Desktop/Nanoprocessor Design Project Files/6. Mux_8_way_4_bit_1/Mux_8_way_4_bit_1.srcs/sources_1/new/Mux_8_way_4_bit.vhd:47]
INFO: [Synth 8-3491] module 'Mux_8_to_1' declared at 'C:/Users/DELL/Desktop/Nanoprocessor Design Project Files/6. Mux_8_way_4_bit_1/Mux_8_way_4_bit_1.srcs/sources_1/imports/new/Mux_8_to_1.vhd:34' bound to instance 'Mux_8_to_1_0' of component 'Mux_8_to_1' [C:/Users/DELL/Desktop/Nanoprocessor Design Project Files/6. Mux_8_way_4_bit_1/Mux_8_way_4_bit_1.srcs/sources_1/new/Mux_8_way_4_bit.vhd:57]
INFO: [Synth 8-638] synthesizing module 'Mux_8_to_1' [C:/Users/DELL/Desktop/Nanoprocessor Design Project Files/6. Mux_8_way_4_bit_1/Mux_8_way_4_bit_1.srcs/sources_1/imports/new/Mux_8_to_1.vhd:41]
INFO: [Synth 8-3491] module 'Decoder_3_to_8' declared at 'C:/Users/DELL/Desktop/Nanoprocessor Design Project Files/6. Mux_8_way_4_bit_1/Mux_8_way_4_bit_1.srcs/sources_1/imports/new/Decoder_3_to_8.vhd:34' bound to instance 'Decoder_3_to_8_0' of component 'Decoder_3_to_8' [C:/Users/DELL/Desktop/Nanoprocessor Design Project Files/6. Mux_8_way_4_bit_1/Mux_8_way_4_bit_1.srcs/sources_1/imports/new/Mux_8_to_1.vhd:49]
INFO: [Synth 8-638] synthesizing module 'Decoder_3_to_8' [C:/Users/DELL/Desktop/Nanoprocessor Design Project Files/6. Mux_8_way_4_bit_1/Mux_8_way_4_bit_1.srcs/sources_1/imports/new/Decoder_3_to_8.vhd:40]
INFO: [Synth 8-3491] module 'Decoder_2_to_4' declared at 'C:/Users/DELL/Desktop/Nanoprocessor Design Project Files/6. Mux_8_way_4_bit_1/Mux_8_way_4_bit_1.srcs/sources_1/imports/new/Decoder_2_to_4.vhd:34' bound to instance 'Decoder_2_to_4_0' of component 'Decoder_2_to_4' [C:/Users/DELL/Desktop/Nanoprocessor Design Project Files/6. Mux_8_way_4_bit_1/Mux_8_way_4_bit_1.srcs/sources_1/imports/new/Decoder_3_to_8.vhd:53]
INFO: [Synth 8-638] synthesizing module 'Decoder_2_to_4' [C:/Users/DELL/Desktop/Nanoprocessor Design Project Files/6. Mux_8_way_4_bit_1/Mux_8_way_4_bit_1.srcs/sources_1/imports/new/Decoder_2_to_4.vhd:40]
INFO: [Synth 8-256] done synthesizing module 'Decoder_2_to_4' (1#1) [C:/Users/DELL/Desktop/Nanoprocessor Design Project Files/6. Mux_8_way_4_bit_1/Mux_8_way_4_bit_1.srcs/sources_1/imports/new/Decoder_2_to_4.vhd:40]
INFO: [Synth 8-3491] module 'Decoder_2_to_4' declared at 'C:/Users/DELL/Desktop/Nanoprocessor Design Project Files/6. Mux_8_way_4_bit_1/Mux_8_way_4_bit_1.srcs/sources_1/imports/new/Decoder_2_to_4.vhd:34' bound to instance 'Decoder_2_to_4_1' of component 'Decoder_2_to_4' [C:/Users/DELL/Desktop/Nanoprocessor Design Project Files/6. Mux_8_way_4_bit_1/Mux_8_way_4_bit_1.srcs/sources_1/imports/new/Decoder_3_to_8.vhd:58]
INFO: [Synth 8-256] done synthesizing module 'Decoder_3_to_8' (2#1) [C:/Users/DELL/Desktop/Nanoprocessor Design Project Files/6. Mux_8_way_4_bit_1/Mux_8_way_4_bit_1.srcs/sources_1/imports/new/Decoder_3_to_8.vhd:40]
INFO: [Synth 8-256] done synthesizing module 'Mux_8_to_1' (3#1) [C:/Users/DELL/Desktop/Nanoprocessor Design Project Files/6. Mux_8_way_4_bit_1/Mux_8_way_4_bit_1.srcs/sources_1/imports/new/Mux_8_to_1.vhd:41]
INFO: [Synth 8-3491] module 'Mux_8_to_1' declared at 'C:/Users/DELL/Desktop/Nanoprocessor Design Project Files/6. Mux_8_way_4_bit_1/Mux_8_way_4_bit_1.srcs/sources_1/imports/new/Mux_8_to_1.vhd:34' bound to instance 'Mux_8_to_1_1' of component 'Mux_8_to_1' [C:/Users/DELL/Desktop/Nanoprocessor Design Project Files/6. Mux_8_way_4_bit_1/Mux_8_way_4_bit_1.srcs/sources_1/new/Mux_8_way_4_bit.vhd:71]
INFO: [Synth 8-3491] module 'Mux_8_to_1' declared at 'C:/Users/DELL/Desktop/Nanoprocessor Design Project Files/6. Mux_8_way_4_bit_1/Mux_8_way_4_bit_1.srcs/sources_1/imports/new/Mux_8_to_1.vhd:34' bound to instance 'Mux_8_to_1_2' of component 'Mux_8_to_1' [C:/Users/DELL/Desktop/Nanoprocessor Design Project Files/6. Mux_8_way_4_bit_1/Mux_8_way_4_bit_1.srcs/sources_1/new/Mux_8_way_4_bit.vhd:85]
INFO: [Synth 8-3491] module 'Mux_8_to_1' declared at 'C:/Users/DELL/Desktop/Nanoprocessor Design Project Files/6. Mux_8_way_4_bit_1/Mux_8_way_4_bit_1.srcs/sources_1/imports/new/Mux_8_to_1.vhd:34' bound to instance 'Mux_8_to_1_3' of component 'Mux_8_to_1' [C:/Users/DELL/Desktop/Nanoprocessor Design Project Files/6. Mux_8_way_4_bit_1/Mux_8_way_4_bit_1.srcs/sources_1/new/Mux_8_way_4_bit.vhd:99]
INFO: [Synth 8-256] done synthesizing module 'Mux_8_way_4_bit' (4#1) [C:/Users/DELL/Desktop/Nanoprocessor Design Project Files/6. Mux_8_way_4_bit_1/Mux_8_way_4_bit_1.srcs/sources_1/new/Mux_8_way_4_bit.vhd:47]
---------------------------------------------------------------------------------
Finished RTL Elaboration : Time (s): cpu = 00:00:03 ; elapsed = 00:00:03 . Memory (MB): peak = 1067.871 ; gain = 159.082
---------------------------------------------------------------------------------

Report Check Netlist: 
+------+------------------+-------+---------+-------+------------------+
|      |Item              |Errors |Warnings |Status |Description       |
+------+------------------+-------+---------+-------+------------------+
|1     |multi_driven_nets |      0|        0|Passed |Multi driven nets |
+------+------------------+-------+---------+-------+------------------+
---------------------------------------------------------------------------------
Start Handling Custom Attributes
---------------------------------------------------------------------------------
---------------------------------------------------------------------------------
Finished Handling Custom Attributes : Time (s): cpu = 00:00:03 ; elapsed = 00:00:03 . Memory (MB): peak = 1067.871 ; gain = 159.082
---------------------------------------------------------------------------------
---------------------------------------------------------------------------------
Finished RTL Optimization Phase 1 : Time (s): cpu = 00:00:03 ; elapsed = 00:00:03 . Memory (MB): peak = 1067.871 ; gain = 159.082
---------------------------------------------------------------------------------
INFO: [Device 21-403] Loading part xc7a35tcpg236-1
INFO: [Project 1-570] Preparing netlist for logic optimization

Processing XDC Constraints
Initializing timing engine
Completed Processing XDC Constraints

INFO: [Opt 31-138] Pushed 0 inverter(s) to 0 load pin(s).
INFO: [Project 1-111] Unisim Transformation Summary:
No Unisim elements were transformed.

RTL Elaboration Complete:  : Time (s): cpu = 00:00:17 ; elapsed = 00:00:12 . Memory (MB): peak = 1379.148 ; gain = 470.359
19 Infos, 0 Warnings, 0 Critical Warnings and 0 Errors encountered.
synth_design completed successfully
synth_design: Time (s): cpu = 00:00:18 ; elapsed = 00:00:12 . Memory (MB): peak = 1379.148 ; gain = 470.359
exit
INFO: [Common 17-206] Exiting Vivado at Sat Jul 30 16:14:20 2022...
