#-----------------------------------------------------------
# Vivado v2018.2 (64-bit)
# SW Build 2258646 on Thu Jun 14 20:03:12 MDT 2018
# IP Build 2256618 on Thu Jun 14 22:10:49 MDT 2018
# Start of session at: Sun Jul 24 14:55:22 2022
# Process ID: 7216
# Current directory: C:/Users/DELL/Desktop/Nanoprocessor Design Project Files/9. RegisterBank
# Command line: vivado.exe -gui_launcher_event rodinguilauncherevent4944 C:\Users\DELL\Desktop\Nanoprocessor Design Project Files\9. RegisterBank\RegisterBank.xpr
# Log file: C:/Users/DELL/Desktop/Nanoprocessor Design Project Files/9. RegisterBank/vivado.log
# Journal file: C:/Users/DELL/Desktop/Nanoprocessor Design Project Files/9. RegisterBank\vivado.jou
#-----------------------------------------------------------
start_gui
open_project {C:/Users/DELL/Desktop/Nanoprocessor Design Project Files/9. RegisterBank/RegisterBank.xpr}
INFO: [Project 1-313] Project file moved from 'E:/01. Engineering UOM/2. Second Semester/3. CS1050 - Computer Organization and Digital Design/2. Labs/RegisterBank' since last save.
WARNING: [Project 1-312] File not found as 'C:/Users/DELL/Desktop/Nanoprocessor Design Project Files/IPs/RegisterBank/component.xml'; using path 'E:/01. Engineering UOM/2. Second Semester/3. CS1050 - Computer Organization and Digital Design/2. Labs/IPs/RegisterBank/component.xml' instead.
Scanning sources...
Finished scanning sources
INFO: [filemgmt 56-1] IP Repository Path: Directory not found as 'C:/Users/DELL/Desktop/Nanoprocessor Design Project Files/IPs/RegisterBank'; using path 'E:/01. Engineering UOM/2. Second Semester/3. CS1050 - Computer Organization and Digital Design/2. Labs/IPs/RegisterBank' instead.
INFO: [IP_Flow 19-234] Refreshing IP repositories
INFO: [IP_Flow 19-1700] Loaded user IP repository 'e:/01. Engineering UOM/2. Second Semester/3. CS1050 - Computer Organization and Digital Design/2. Labs/IPs/RegisterBank'.
INFO: [IP_Flow 19-2313] Loaded Vivado IP repository 'C:/Xilinx/Vivado/2018.2/data/ip'.
open_project: Time (s): cpu = 00:00:10 ; elapsed = 00:00:06 . Memory (MB): peak = 885.660 ; gain = 141.793
update_compile_order -fileset sources_1
launch_simulation
INFO: [Vivado 12-5682] Launching behavioral simulation in 'C:/Users/DELL/Desktop/Nanoprocessor Design Project Files/9. RegisterBank/RegisterBank.sim/sim_1/behav/xsim'
INFO: [SIM-utils-51] Simulation object is 'sim_1'
INFO: [SIM-utils-54] Inspecting design source files for 'RegisterBankSim' in fileset 'sim_1'...
INFO: [USF-XSim-97] Finding global include files...
INFO: [USF-XSim-98] Fetching design files from 'sim_1'...
INFO: [USF-XSim-2] XSim::Compile design
INFO: [USF-XSim-61] Executing 'COMPILE and ANALYZE' step in 'C:/Users/DELL/Desktop/Nanoprocessor Design Project Files/9. RegisterBank/RegisterBank.sim/sim_1/behav/xsim'
"xvhdl --incr --relax -prj RegisterBankSim_vhdl.prj"
INFO: [VRFC 10-163] Analyzing VHDL file "C:/Users/DELL/Desktop/Nanoprocessor Design Project Files/9. RegisterBank/RegisterBank.srcs/sources_1/new/D_REG.vhd" into library xil_defaultlib
INFO: [VRFC 10-307] analyzing entity D_REG
INFO: [VRFC 10-163] Analyzing VHDL file "C:/Users/DELL/Desktop/Nanoprocessor Design Project Files/9. RegisterBank/RegisterBank.srcs/sources_1/imports/new/Decoder_2_to_4.vhd" into library xil_defaultlib
INFO: [VRFC 10-307] analyzing entity Decoder_2_to_4
INFO: [VRFC 10-163] Analyzing VHDL file "C:/Users/DELL/Desktop/Nanoprocessor Design Project Files/9. RegisterBank/RegisterBank.srcs/sources_1/imports/new/Decoder_3_to_8.vhd" into library xil_defaultlib
INFO: [VRFC 10-307] analyzing entity Decoder_3_to_8
INFO: [VRFC 10-163] Analyzing VHDL file "C:/Users/DELL/Desktop/Nanoprocessor Design Project Files/9. RegisterBank/RegisterBank.srcs/sources_1/new/Reg_D_FF.vhd" into library xil_defaultlib
INFO: [VRFC 10-307] analyzing entity Reg_D_FF
INFO: [VRFC 10-163] Analyzing VHDL file "C:/Users/DELL/Desktop/Nanoprocessor Design Project Files/9. RegisterBank/RegisterBank.srcs/sources_1/new/RegisterBank.vhd" into library xil_defaultlib
INFO: [VRFC 10-307] analyzing entity RegisterBank
INFO: [VRFC 10-163] Analyzing VHDL file "C:/Users/DELL/Desktop/Nanoprocessor Design Project Files/9. RegisterBank/RegisterBank.srcs/sim_1/new/RegisterBankSim.vhd" into library xil_defaultlib
INFO: [VRFC 10-307] analyzing entity RegisterBankSim
INFO: [USF-XSim-69] 'compile' step finished in '2' seconds
INFO: [USF-XSim-3] XSim::Elaborate design
INFO: [USF-XSim-61] Executing 'ELABORATE' step in 'C:/Users/DELL/Desktop/Nanoprocessor Design Project Files/9. RegisterBank/RegisterBank.sim/sim_1/behav/xsim'
Vivado Simulator 2018.2
Copyright 1986-1999, 2001-2018 Xilinx, Inc. All Rights Reserved.
Running: C:/Xilinx/Vivado/2018.2/bin/unwrapped/win64.o/xelab.exe -wto 8b323a653ea04369a4316fb7c416ef4a --incr --debug typical --relax --mt 2 -L xil_defaultlib -L secureip --snapshot RegisterBankSim_behav xil_defaultlib.RegisterBankSim -log elaborate.log 
Using 2 slave threads.
Starting static elaboration
Completed static elaboration
Starting simulation data flow analysis
Completed simulation data flow analysis
Time Resolution for simulation is 1ps
Compiling package std.standard
Compiling package std.textio
Compiling package ieee.std_logic_1164
Compiling architecture behavioral of entity xil_defaultlib.Decoder_2_to_4 [decoder_2_to_4_default]
Compiling architecture behavioral of entity xil_defaultlib.Decoder_3_to_8 [decoder_3_to_8_default]
Compiling architecture behavioral of entity xil_defaultlib.Reg_D_FF [reg_d_ff_default]
Compiling architecture behavioral of entity xil_defaultlib.D_REG [d_reg_default]
Compiling architecture behavioral of entity xil_defaultlib.RegisterBank [registerbank_default]
Compiling architecture behavioral of entity xil_defaultlib.registerbanksim
Built simulation snapshot RegisterBankSim_behav

****** Webtalk v2018.2 (64-bit)
  **** SW Build 2258646 on Thu Jun 14 20:03:12 MDT 2018
  **** IP Build 2256618 on Thu Jun 14 22:10:49 MDT 2018
    ** Copyright 1986-2018 Xilinx, Inc. All Rights Reserved.

source C:/Users/DELL/Desktop/Nanoprocessor -notrace
couldn't read file "C:/Users/DELL/Desktop/Nanoprocessor": no such file or directory
INFO: [Common 17-206] Exiting Webtalk at Sun Jul 24 14:55:57 2022...
INFO: [USF-XSim-69] 'elaborate' step finished in '3' seconds
INFO: [USF-XSim-4] XSim::Simulate design
INFO: [USF-XSim-61] Executing 'SIMULATE' step in 'C:/Users/DELL/Desktop/Nanoprocessor Design Project Files/9. RegisterBank/RegisterBank.sim/sim_1/behav/xsim'
INFO: [USF-XSim-98] *** Running xsim
   with args "RegisterBankSim_behav -key {Behavioral:sim_1:Functional:RegisterBankSim} -tclbatch {RegisterBankSim.tcl} -view {{C:/Users/DELL/Desktop/Nanoprocessor Design Project Files/9. RegisterBank/RegisterBankSim_behav.wcfg}} -log {simulate.log}"
INFO: [USF-XSim-8] Loading simulator feature
Vivado Simulator 2018.2
Time resolution is 1 ps
open_wave_config {C:/Users/DELL/Desktop/Nanoprocessor Design Project Files/9. RegisterBank/RegisterBankSim_behav.wcfg}
source RegisterBankSim.tcl
# set curr_wave [current_wave_config]
# if { [string length $curr_wave] == 0 } {
#   if { [llength [get_objects]] > 0} {
#     add_wave /
#     set_property needs_save false [current_wave_config]
#   } else {
#      send_msg_id Add_Wave-1 WARNING "No top level signals found. Simulator will start without a wave window. If you want to open a wave window go to 'File->New Waveform Configuration' or type 'create_wave_config' in the TCL console."
#   }
# }
# run 1000ns
INFO: [USF-XSim-96] XSim completed. Design snapshot 'RegisterBankSim_behav' loaded.
INFO: [USF-XSim-97] XSim simulation ran for 1000ns
launch_simulation: Time (s): cpu = 00:00:06 ; elapsed = 00:00:09 . Memory (MB): peak = 906.430 ; gain = 14.125
close_sim
INFO: [Simtcl 6-16] Simulation closed
exit
INFO: [Common 17-206] Exiting Vivado at Sun Jul 24 14:57:18 2022...
