#-----------------------------------------------------------
# Vivado v2018.2 (64-bit)
# SW Build 2258646 on Thu Jun 14 20:03:12 MDT 2018
# IP Build 2256618 on Thu Jun 14 22:10:49 MDT 2018
# Start of session at: Sun Jul 24 14:42:47 2022
# Process ID: 19620
# Current directory: C:/Users/DELL/Desktop/Nanoprocessor Design Project Files/3. ProgramRom
# Command line: vivado.exe -gui_launcher_event rodinguilauncherevent18836 C:\Users\DELL\Desktop\Nanoprocessor Design Project Files\3. ProgramRom\ProgramRom.xpr
# Log file: C:/Users/DELL/Desktop/Nanoprocessor Design Project Files/3. ProgramRom/vivado.log
# Journal file: C:/Users/DELL/Desktop/Nanoprocessor Design Project Files/3. ProgramRom\vivado.jou
#-----------------------------------------------------------
start_gui
open_project {C:/Users/DELL/Desktop/Nanoprocessor Design Project Files/3. ProgramRom/ProgramRom.xpr}
INFO: [Project 1-313] Project file moved from 'E:/01. Engineering UOM/2. Second Semester/3. CS1050 - Computer Organization and Digital Design/2. Labs/ProgramRom' since last save.
WARNING: [Project 1-312] File not found as 'C:/Users/DELL/Desktop/Nanoprocessor Design Project Files/IPs/ProgramRom/component.xml'; using path 'E:/01. Engineering UOM/2. Second Semester/3. CS1050 - Computer Organization and Digital Design/2. Labs/IPs/ProgramRom/component.xml' instead.
Scanning sources...
Finished scanning sources
INFO: [filemgmt 56-1] IP Repository Path: Directory not found as 'C:/Users/DELL/Desktop/Nanoprocessor Design Project Files/IPs/ProgramRom'; using path 'E:/01. Engineering UOM/2. Second Semester/3. CS1050 - Computer Organization and Digital Design/2. Labs/IPs/ProgramRom' instead.
INFO: [IP_Flow 19-234] Refreshing IP repositories
INFO: [IP_Flow 19-1700] Loaded user IP repository 'e:/01. Engineering UOM/2. Second Semester/3. CS1050 - Computer Organization and Digital Design/2. Labs/IPs/ProgramRom'.
INFO: [IP_Flow 19-2313] Loaded Vivado IP repository 'C:/Xilinx/Vivado/2018.2/data/ip'.
open_project: Time (s): cpu = 00:00:10 ; elapsed = 00:00:05 . Memory (MB): peak = 903.199 ; gain = 152.852
update_compile_order -fileset sources_1
launch_simulation
INFO: [Vivado 12-5682] Launching behavioral simulation in 'C:/Users/DELL/Desktop/Nanoprocessor Design Project Files/3. ProgramRom/ProgramRom.sim/sim_1/behav/xsim'
INFO: [SIM-utils-51] Simulation object is 'sim_1'
INFO: [SIM-utils-54] Inspecting design source files for 'ProgramRomSim' in fileset 'sim_1'...
INFO: [USF-XSim-97] Finding global include files...
INFO: [USF-XSim-98] Fetching design files from 'sim_1'...
INFO: [USF-XSim-2] XSim::Compile design
INFO: [USF-XSim-61] Executing 'COMPILE and ANALYZE' step in 'C:/Users/DELL/Desktop/Nanoprocessor Design Project Files/3. ProgramRom/ProgramRom.sim/sim_1/behav/xsim'
"xvhdl --incr --relax -prj ProgramRomSim_vhdl.prj"
INFO: [VRFC 10-163] Analyzing VHDL file "C:/Users/DELL/Desktop/Nanoprocessor Design Project Files/3. ProgramRom/ProgramRom.srcs/sources_1/new/ProgramRom.vhd" into library xil_defaultlib
INFO: [VRFC 10-307] analyzing entity ProgramRom
INFO: [VRFC 10-163] Analyzing VHDL file "C:/Users/DELL/Desktop/Nanoprocessor Design Project Files/3. ProgramRom/ProgramRom.srcs/sim_1/new/ProgramRomSim.vhd" into library xil_defaultlib
INFO: [VRFC 10-307] analyzing entity ProgramRomSim
INFO: [USF-XSim-69] 'compile' step finished in '1' seconds
INFO: [USF-XSim-3] XSim::Elaborate design
INFO: [USF-XSim-61] Executing 'ELABORATE' step in 'C:/Users/DELL/Desktop/Nanoprocessor Design Project Files/3. ProgramRom/ProgramRom.sim/sim_1/behav/xsim'
Vivado Simulator 2018.2
Copyright 1986-1999, 2001-2018 Xilinx, Inc. All Rights Reserved.
Running: C:/Xilinx/Vivado/2018.2/bin/unwrapped/win64.o/xelab.exe -wto 0fb99161aefd4f678befa10751564282 --incr --debug typical --relax --mt 2 -L xil_defaultlib -L secureip --snapshot ProgramRomSim_behav xil_defaultlib.ProgramRomSim -log elaborate.log 
Using 2 slave threads.
Starting static elaboration
Completed static elaboration
Starting simulation data flow analysis
Completed simulation data flow analysis
Time Resolution for simulation is 1ps
Compiling package std.standard
Compiling package std.textio
Compiling package ieee.std_logic_1164
Compiling package ieee.numeric_std
Compiling architecture behavioral of entity xil_defaultlib.ProgramRom [programrom_default]
Compiling architecture behavioral of entity xil_defaultlib.programromsim
Built simulation snapshot ProgramRomSim_behav

****** Webtalk v2018.2 (64-bit)
  **** SW Build 2258646 on Thu Jun 14 20:03:12 MDT 2018
  **** IP Build 2256618 on Thu Jun 14 22:10:49 MDT 2018
    ** Copyright 1986-2018 Xilinx, Inc. All Rights Reserved.

source C:/Users/DELL/Desktop/Nanoprocessor -notrace
couldn't read file "C:/Users/DELL/Desktop/Nanoprocessor": no such file or directory
INFO: [Common 17-206] Exiting Webtalk at Sun Jul 24 14:43:12 2022...
INFO: [USF-XSim-69] 'elaborate' step finished in '3' seconds
INFO: [USF-XSim-4] XSim::Simulate design
INFO: [USF-XSim-61] Executing 'SIMULATE' step in 'C:/Users/DELL/Desktop/Nanoprocessor Design Project Files/3. ProgramRom/ProgramRom.sim/sim_1/behav/xsim'
INFO: [USF-XSim-98] *** Running xsim
   with args "ProgramRomSim_behav -key {Behavioral:sim_1:Functional:ProgramRomSim} -tclbatch {ProgramRomSim.tcl} -log {simulate.log}"
INFO: [USF-XSim-8] Loading simulator feature
Vivado Simulator 2018.2
Time resolution is 1 ps
source ProgramRomSim.tcl
# set curr_wave [current_wave_config]
# if { [string length $curr_wave] == 0 } {
#   if { [llength [get_objects]] > 0} {
#     add_wave /
#     set_property needs_save false [current_wave_config]
#   } else {
#      send_msg_id Add_Wave-1 WARNING "No top level signals found. Simulator will start without a wave window. If you want to open a wave window go to 'File->New Waveform Configuration' or type 'create_wave_config' in the TCL console."
#   }
# }
# run 1000ns
INFO: [USF-XSim-96] XSim completed. Design snapshot 'ProgramRomSim_behav' loaded.
INFO: [USF-XSim-97] XSim simulation ran for 1000ns
launch_simulation: Time (s): cpu = 00:00:04 ; elapsed = 00:00:06 . Memory (MB): peak = 911.375 ; gain = 8.176
close_sim
INFO: [Simtcl 6-16] Simulation closed
exit
INFO: [Common 17-206] Exiting Vivado at Sun Jul 24 14:44:08 2022...
