#-----------------------------------------------------------
# Vivado v2018.2 (64-bit)
# SW Build 2258646 on Thu Jun 14 20:03:12 MDT 2018
# IP Build 2256618 on Thu Jun 14 22:10:49 MDT 2018
# Start of session at: Sat Jul 30 15:59:47 2022
# Process ID: 21352
# Current directory: C:/Users/DELL/Desktop/Nanoprocessor Design Project Files/0. Nanoprocessor_3
# Command line: vivado.exe -gui_launcher_event rodinguilauncherevent18936 C:\Users\DELL\Desktop\Nanoprocessor Design Project Files\0. Nanoprocessor_3\Nanoprocessor_3.xpr
# Log file: C:/Users/DELL/Desktop/Nanoprocessor Design Project Files/0. Nanoprocessor_3/vivado.log
# Journal file: C:/Users/DELL/Desktop/Nanoprocessor Design Project Files/0. Nanoprocessor_3\vivado.jou
#-----------------------------------------------------------
start_gui
open_project {C:/Users/DELL/Desktop/Nanoprocessor Design Project Files/0. Nanoprocessor_3/Nanoprocessor_3.xpr}
Scanning sources...
Finished scanning sources
INFO: [IP_Flow 19-234] Refreshing IP repositories
INFO: [IP_Flow 19-1704] No user IP repositories specified
INFO: [IP_Flow 19-2313] Loaded Vivado IP repository 'C:/Xilinx/Vivado/2018.2/data/ip'.
open_project: Time (s): cpu = 00:00:11 ; elapsed = 00:00:09 . Memory (MB): peak = 892.262 ; gain = 156.496
update_compile_order -fileset sources_1
synth_design -rtl -name rtl_1
Command: synth_design -rtl -name rtl_1
Starting synth_design
Using part: xc7a35tcpg236-1
Top: Nanoprocessor
---------------------------------------------------------------------------------
Starting RTL Elaboration : Time (s): cpu = 00:00:02 ; elapsed = 00:00:02 . Memory (MB): peak = 997.336 ; gain = 76.977
---------------------------------------------------------------------------------
INFO: [Synth 8-638] synthesizing module 'Nanoprocessor' [C:/Users/DELL/Desktop/Nanoprocessor Design Project Files/0. Nanoprocessor_3/Nanoprocessor_3.srcs/sources_1/new/Nanoprocessor.vhd:44]
INFO: [Synth 8-3491] module 'Slow_Clk' declared at 'C:/Users/DELL/Desktop/Nanoprocessor Design Project Files/0. Nanoprocessor_3/Nanoprocessor_3.srcs/sources_1/imports/new/Slow_Clk.vhd:34' bound to instance 'Slow_Clk_0' of component 'Slow_Clk' [C:/Users/DELL/Desktop/Nanoprocessor Design Project Files/0. Nanoprocessor_3/Nanoprocessor_3.srcs/sources_1/new/Nanoprocessor.vhd:150]
INFO: [Synth 8-638] synthesizing module 'Slow_Clk' [C:/Users/DELL/Desktop/Nanoprocessor Design Project Files/0. Nanoprocessor_3/Nanoprocessor_3.srcs/sources_1/imports/new/Slow_Clk.vhd:39]
INFO: [Synth 8-256] done synthesizing module 'Slow_Clk' (1#1) [C:/Users/DELL/Desktop/Nanoprocessor Design Project Files/0. Nanoprocessor_3/Nanoprocessor_3.srcs/sources_1/imports/new/Slow_Clk.vhd:39]
INFO: [Synth 8-3491] module 'ProgramCounter' declared at 'C:/Users/DELL/Desktop/Nanoprocessor Design Project Files/0. Nanoprocessor_3/Nanoprocessor_3.srcs/sources_1/imports/new/ProgramCounter.vhd:34' bound to instance 'ProgramCounter_0' of component 'ProgramCounter' [C:/Users/DELL/Desktop/Nanoprocessor Design Project Files/0. Nanoprocessor_3/Nanoprocessor_3.srcs/sources_1/new/Nanoprocessor.vhd:156]
INFO: [Synth 8-638] synthesizing module 'ProgramCounter' [C:/Users/DELL/Desktop/Nanoprocessor Design Project Files/0. Nanoprocessor_3/Nanoprocessor_3.srcs/sources_1/imports/new/ProgramCounter.vhd:41]
INFO: [Synth 8-3491] module 'D_FF' declared at 'C:/Users/DELL/Desktop/Nanoprocessor Design Project Files/0. Nanoprocessor_3/Nanoprocessor_3.srcs/sources_1/imports/new/D_FF.vhd:34' bound to instance 'D_FF_0' of component 'D_FF' [C:/Users/DELL/Desktop/Nanoprocessor Design Project Files/0. Nanoprocessor_3/Nanoprocessor_3.srcs/sources_1/imports/new/ProgramCounter.vhd:55]
INFO: [Synth 8-638] synthesizing module 'D_FF' [C:/Users/DELL/Desktop/Nanoprocessor Design Project Files/0. Nanoprocessor_3/Nanoprocessor_3.srcs/sources_1/imports/new/D_FF.vhd:42]
INFO: [Synth 8-256] done synthesizing module 'D_FF' (2#1) [C:/Users/DELL/Desktop/Nanoprocessor Design Project Files/0. Nanoprocessor_3/Nanoprocessor_3.srcs/sources_1/imports/new/D_FF.vhd:42]
INFO: [Synth 8-3491] module 'D_FF' declared at 'C:/Users/DELL/Desktop/Nanoprocessor Design Project Files/0. Nanoprocessor_3/Nanoprocessor_3.srcs/sources_1/imports/new/D_FF.vhd:34' bound to instance 'D_FF_1' of component 'D_FF' [C:/Users/DELL/Desktop/Nanoprocessor Design Project Files/0. Nanoprocessor_3/Nanoprocessor_3.srcs/sources_1/imports/new/ProgramCounter.vhd:63]
INFO: [Synth 8-3491] module 'D_FF' declared at 'C:/Users/DELL/Desktop/Nanoprocessor Design Project Files/0. Nanoprocessor_3/Nanoprocessor_3.srcs/sources_1/imports/new/D_FF.vhd:34' bound to instance 'D_FF_2' of component 'D_FF' [C:/Users/DELL/Desktop/Nanoprocessor Design Project Files/0. Nanoprocessor_3/Nanoprocessor_3.srcs/sources_1/imports/new/ProgramCounter.vhd:71]
INFO: [Synth 8-256] done synthesizing module 'ProgramCounter' (3#1) [C:/Users/DELL/Desktop/Nanoprocessor Design Project Files/0. Nanoprocessor_3/Nanoprocessor_3.srcs/sources_1/imports/new/ProgramCounter.vhd:41]
INFO: [Synth 8-3491] module 'Mux_2_way_3_bit' declared at 'C:/Users/DELL/Desktop/Nanoprocessor Design Project Files/0. Nanoprocessor_3/Nanoprocessor_3.srcs/sources_1/imports/new/Mux_2_way_3_bit.vhd:34' bound to instance 'Mux_2_way_3_bit_0' of component 'Mux_2_way_3_bit' [C:/Users/DELL/Desktop/Nanoprocessor Design Project Files/0. Nanoprocessor_3/Nanoprocessor_3.srcs/sources_1/new/Nanoprocessor.vhd:163]
INFO: [Synth 8-638] synthesizing module 'Mux_2_way_3_bit' [C:/Users/DELL/Desktop/Nanoprocessor Design Project Files/0. Nanoprocessor_3/Nanoprocessor_3.srcs/sources_1/imports/new/Mux_2_way_3_bit.vhd:41]
INFO: [Synth 8-3491] module 'Mux_2_to_1' declared at 'C:/Users/DELL/Desktop/Nanoprocessor Design Project Files/0. Nanoprocessor_3/Nanoprocessor_3.srcs/sources_1/imports/new/Mux_2_to_1.vhd:34' bound to instance 'Mux_2_to_1_0' of component 'Mux_2_to_1' [C:/Users/DELL/Desktop/Nanoprocessor Design Project Files/0. Nanoprocessor_3/Nanoprocessor_3.srcs/sources_1/imports/new/Mux_2_way_3_bit.vhd:51]
INFO: [Synth 8-638] synthesizing module 'Mux_2_to_1' [C:/Users/DELL/Desktop/Nanoprocessor Design Project Files/0. Nanoprocessor_3/Nanoprocessor_3.srcs/sources_1/imports/new/Mux_2_to_1.vhd:40]
INFO: [Synth 8-256] done synthesizing module 'Mux_2_to_1' (4#1) [C:/Users/DELL/Desktop/Nanoprocessor Design Project Files/0. Nanoprocessor_3/Nanoprocessor_3.srcs/sources_1/imports/new/Mux_2_to_1.vhd:40]
INFO: [Synth 8-3491] module 'Mux_2_to_1' declared at 'C:/Users/DELL/Desktop/Nanoprocessor Design Project Files/0. Nanoprocessor_3/Nanoprocessor_3.srcs/sources_1/imports/new/Mux_2_to_1.vhd:34' bound to instance 'Mux_2_to_1_1' of component 'Mux_2_to_1' [C:/Users/DELL/Desktop/Nanoprocessor Design Project Files/0. Nanoprocessor_3/Nanoprocessor_3.srcs/sources_1/imports/new/Mux_2_way_3_bit.vhd:59]
INFO: [Synth 8-3491] module 'Mux_2_to_1' declared at 'C:/Users/DELL/Desktop/Nanoprocessor Design Project Files/0. Nanoprocessor_3/Nanoprocessor_3.srcs/sources_1/imports/new/Mux_2_to_1.vhd:34' bound to instance 'Mux_2_to_1_2' of component 'Mux_2_to_1' [C:/Users/DELL/Desktop/Nanoprocessor Design Project Files/0. Nanoprocessor_3/Nanoprocessor_3.srcs/sources_1/imports/new/Mux_2_way_3_bit.vhd:67]
INFO: [Synth 8-256] done synthesizing module 'Mux_2_way_3_bit' (5#1) [C:/Users/DELL/Desktop/Nanoprocessor Design Project Files/0. Nanoprocessor_3/Nanoprocessor_3.srcs/sources_1/imports/new/Mux_2_way_3_bit.vhd:41]
INFO: [Synth 8-3491] module 'RCA_3' declared at 'C:/Users/DELL/Desktop/Nanoprocessor Design Project Files/0. Nanoprocessor_3/Nanoprocessor_3.srcs/sources_1/imports/new/RCA_3.vhd:34' bound to instance 'RCA_3_0' of component 'RCA_3' [C:/Users/DELL/Desktop/Nanoprocessor Design Project Files/0. Nanoprocessor_3/Nanoprocessor_3.srcs/sources_1/new/Nanoprocessor.vhd:170]
INFO: [Synth 8-638] synthesizing module 'RCA_3' [C:/Users/DELL/Desktop/Nanoprocessor Design Project Files/0. Nanoprocessor_3/Nanoprocessor_3.srcs/sources_1/imports/new/RCA_3.vhd:39]
INFO: [Synth 8-3491] module 'HA' declared at 'C:/Users/DELL/Desktop/Nanoprocessor Design Project Files/0. Nanoprocessor_3/Nanoprocessor_3.srcs/sources_1/imports/new/HA.vhd:34' bound to instance 'HA_0' of component 'HA' [C:/Users/DELL/Desktop/Nanoprocessor Design Project Files/0. Nanoprocessor_3/Nanoprocessor_3.srcs/sources_1/imports/new/RCA_3.vhd:60]
INFO: [Synth 8-638] synthesizing module 'HA' [C:/Users/DELL/Desktop/Nanoprocessor Design Project Files/0. Nanoprocessor_3/Nanoprocessor_3.srcs/sources_1/imports/new/HA.vhd:41]
INFO: [Synth 8-256] done synthesizing module 'HA' (6#1) [C:/Users/DELL/Desktop/Nanoprocessor Design Project Files/0. Nanoprocessor_3/Nanoprocessor_3.srcs/sources_1/imports/new/HA.vhd:41]
INFO: [Synth 8-3491] module 'FA' declared at 'C:/Users/DELL/Desktop/Nanoprocessor Design Project Files/0. Nanoprocessor_3/Nanoprocessor_3.srcs/sources_1/imports/new/FA.vhd:34' bound to instance 'FA_1' of component 'FA' [C:/Users/DELL/Desktop/Nanoprocessor Design Project Files/0. Nanoprocessor_3/Nanoprocessor_3.srcs/sources_1/imports/new/RCA_3.vhd:68]
INFO: [Synth 8-638] synthesizing module 'FA' [C:/Users/DELL/Desktop/Nanoprocessor Design Project Files/0. Nanoprocessor_3/Nanoprocessor_3.srcs/sources_1/imports/new/FA.vhd:42]
INFO: [Synth 8-3491] module 'HA' declared at 'C:/Users/DELL/Desktop/Nanoprocessor Design Project Files/0. Nanoprocessor_3/Nanoprocessor_3.srcs/sources_1/imports/new/HA.vhd:34' bound to instance 'HA_0' of component 'HA' [C:/Users/DELL/Desktop/Nanoprocessor Design Project Files/0. Nanoprocessor_3/Nanoprocessor_3.srcs/sources_1/imports/new/FA.vhd:56]
INFO: [Synth 8-3491] module 'HA' declared at 'C:/Users/DELL/Desktop/Nanoprocessor Design Project Files/0. Nanoprocessor_3/Nanoprocessor_3.srcs/sources_1/imports/new/HA.vhd:34' bound to instance 'HA_1' of component 'HA' [C:/Users/DELL/Desktop/Nanoprocessor Design Project Files/0. Nanoprocessor_3/Nanoprocessor_3.srcs/sources_1/imports/new/FA.vhd:63]
INFO: [Synth 8-256] done synthesizing module 'FA' (7#1) [C:/Users/DELL/Desktop/Nanoprocessor Design Project Files/0. Nanoprocessor_3/Nanoprocessor_3.srcs/sources_1/imports/new/FA.vhd:42]
INFO: [Synth 8-3491] module 'FA' declared at 'C:/Users/DELL/Desktop/Nanoprocessor Design Project Files/0. Nanoprocessor_3/Nanoprocessor_3.srcs/sources_1/imports/new/FA.vhd:34' bound to instance 'FA_2' of component 'FA' [C:/Users/DELL/Desktop/Nanoprocessor Design Project Files/0. Nanoprocessor_3/Nanoprocessor_3.srcs/sources_1/imports/new/RCA_3.vhd:77]
INFO: [Synth 8-256] done synthesizing module 'RCA_3' (8#1) [C:/Users/DELL/Desktop/Nanoprocessor Design Project Files/0. Nanoprocessor_3/Nanoprocessor_3.srcs/sources_1/imports/new/RCA_3.vhd:39]
INFO: [Synth 8-3491] module 'ProgramRom' declared at 'C:/Users/DELL/Desktop/Nanoprocessor Design Project Files/0. Nanoprocessor_3/Nanoprocessor_3.srcs/sources_1/imports/new/ProgramRom.vhd:35' bound to instance 'ProgramRom_0' of component 'ProgramRom' [C:/Users/DELL/Desktop/Nanoprocessor Design Project Files/0. Nanoprocessor_3/Nanoprocessor_3.srcs/sources_1/new/Nanoprocessor.vhd:176]
INFO: [Synth 8-638] synthesizing module 'ProgramRom' [C:/Users/DELL/Desktop/Nanoprocessor Design Project Files/0. Nanoprocessor_3/Nanoprocessor_3.srcs/sources_1/imports/new/ProgramRom.vhd:40]
INFO: [Synth 8-256] done synthesizing module 'ProgramRom' (9#1) [C:/Users/DELL/Desktop/Nanoprocessor Design Project Files/0. Nanoprocessor_3/Nanoprocessor_3.srcs/sources_1/imports/new/ProgramRom.vhd:40]
INFO: [Synth 8-3491] module 'Ins_Decoder' declared at 'C:/Users/DELL/Desktop/Nanoprocessor Design Project Files/0. Nanoprocessor_3/Nanoprocessor_3.srcs/sources_1/imports/new/Ins_Decoder.vhd:34' bound to instance 'Ins_Decoder_0' of component 'Ins_Decoder' [C:/Users/DELL/Desktop/Nanoprocessor Design Project Files/0. Nanoprocessor_3/Nanoprocessor_3.srcs/sources_1/new/Nanoprocessor.vhd:182]
INFO: [Synth 8-638] synthesizing module 'Ins_Decoder' [C:/Users/DELL/Desktop/Nanoprocessor Design Project Files/0. Nanoprocessor_3/Nanoprocessor_3.srcs/sources_1/imports/new/Ins_Decoder.vhd:47]
INFO: [Synth 8-3491] module 'Decoder_2_to_4' declared at 'C:/Users/DELL/Desktop/Nanoprocessor Design Project Files/0. Nanoprocessor_3/Nanoprocessor_3.srcs/sources_1/imports/new/Decoder_2_to_4.vhd:34' bound to instance 'Decoder_2_to_4_0' of component 'Decoder_2_to_4' [C:/Users/DELL/Desktop/Nanoprocessor Design Project Files/0. Nanoprocessor_3/Nanoprocessor_3.srcs/sources_1/imports/new/Ins_Decoder.vhd:57]
INFO: [Synth 8-638] synthesizing module 'Decoder_2_to_4' [C:/Users/DELL/Desktop/Nanoprocessor Design Project Files/0. Nanoprocessor_3/Nanoprocessor_3.srcs/sources_1/imports/new/Decoder_2_to_4.vhd:40]
INFO: [Synth 8-256] done synthesizing module 'Decoder_2_to_4' (10#1) [C:/Users/DELL/Desktop/Nanoprocessor Design Project Files/0. Nanoprocessor_3/Nanoprocessor_3.srcs/sources_1/imports/new/Decoder_2_to_4.vhd:40]
INFO: [Synth 8-256] done synthesizing module 'Ins_Decoder' (11#1) [C:/Users/DELL/Desktop/Nanoprocessor Design Project Files/0. Nanoprocessor_3/Nanoprocessor_3.srcs/sources_1/imports/new/Ins_Decoder.vhd:47]
INFO: [Synth 8-3491] module 'Mux_2_way_4_bit' declared at 'C:/Users/DELL/Desktop/Nanoprocessor Design Project Files/0. Nanoprocessor_3/Nanoprocessor_3.srcs/sources_1/imports/new/Mux_2_way_4_bit.vhd:34' bound to instance 'Mux_2_way_4_bit_0' of component 'Mux_2_way_4_bit' [C:/Users/DELL/Desktop/Nanoprocessor Design Project Files/0. Nanoprocessor_3/Nanoprocessor_3.srcs/sources_1/new/Nanoprocessor.vhd:195]
INFO: [Synth 8-638] synthesizing module 'Mux_2_way_4_bit' [C:/Users/DELL/Desktop/Nanoprocessor Design Project Files/0. Nanoprocessor_3/Nanoprocessor_3.srcs/sources_1/imports/new/Mux_2_way_4_bit.vhd:41]
INFO: [Synth 8-3491] module 'Mux_2_way_3_bit' declared at 'C:/Users/DELL/Desktop/Nanoprocessor Design Project Files/0. Nanoprocessor_3/Nanoprocessor_3.srcs/sources_1/imports/new/Mux_2_way_3_bit.vhd:34' bound to instance 'Mux_2_way_3_bit_0' of component 'Mux_2_way_3_bit' [C:/Users/DELL/Desktop/Nanoprocessor Design Project Files/0. Nanoprocessor_3/Nanoprocessor_3.srcs/sources_1/imports/new/Mux_2_way_4_bit.vhd:58]
INFO: [Synth 8-3491] module 'Mux_2_to_1' declared at 'C:/Users/DELL/Desktop/Nanoprocessor Design Project Files/0. Nanoprocessor_3/Nanoprocessor_3.srcs/sources_1/imports/new/Mux_2_to_1.vhd:34' bound to instance 'Mux_2_to_1_0' of component 'Mux_2_to_1' [C:/Users/DELL/Desktop/Nanoprocessor Design Project Files/0. Nanoprocessor_3/Nanoprocessor_3.srcs/sources_1/imports/new/Mux_2_way_4_bit.vhd:68]
INFO: [Synth 8-256] done synthesizing module 'Mux_2_way_4_bit' (12#1) [C:/Users/DELL/Desktop/Nanoprocessor Design Project Files/0. Nanoprocessor_3/Nanoprocessor_3.srcs/sources_1/imports/new/Mux_2_way_4_bit.vhd:41]
INFO: [Synth 8-3491] module 'RegisterBank' declared at 'C:/Users/DELL/Desktop/Nanoprocessor Design Project Files/0. Nanoprocessor_3/Nanoprocessor_3.srcs/sources_1/imports/new/RegisterBank.vhd:34' bound to instance 'RegisterBank_0' of component 'RegisterBank' [C:/Users/DELL/Desktop/Nanoprocessor Design Project Files/0. Nanoprocessor_3/Nanoprocessor_3.srcs/sources_1/new/Nanoprocessor.vhd:202]
INFO: [Synth 8-638] synthesizing module 'RegisterBank' [C:/Users/DELL/Desktop/Nanoprocessor Design Project Files/0. Nanoprocessor_3/Nanoprocessor_3.srcs/sources_1/imports/new/RegisterBank.vhd:49]
INFO: [Synth 8-3491] module 'Decoder_3_to_8' declared at 'C:/Users/DELL/Desktop/Nanoprocessor Design Project Files/0. Nanoprocessor_3/Nanoprocessor_3.srcs/sources_1/imports/new/Decoder_3_to_8.vhd:34' bound to instance 'Decoder_0' of component 'Decoder_3_to_8' [C:/Users/DELL/Desktop/Nanoprocessor Design Project Files/0. Nanoprocessor_3/Nanoprocessor_3.srcs/sources_1/imports/new/RegisterBank.vhd:75]
INFO: [Synth 8-638] synthesizing module 'Decoder_3_to_8' [C:/Users/DELL/Desktop/Nanoprocessor Design Project Files/0. Nanoprocessor_3/Nanoprocessor_3.srcs/sources_1/imports/new/Decoder_3_to_8.vhd:40]
INFO: [Synth 8-3491] module 'Decoder_2_to_4' declared at 'C:/Users/DELL/Desktop/Nanoprocessor Design Project Files/0. Nanoprocessor_3/Nanoprocessor_3.srcs/sources_1/imports/new/Decoder_2_to_4.vhd:34' bound to instance 'Decoder_2_to_4_0' of component 'Decoder_2_to_4' [C:/Users/DELL/Desktop/Nanoprocessor Design Project Files/0. Nanoprocessor_3/Nanoprocessor_3.srcs/sources_1/imports/new/Decoder_3_to_8.vhd:53]
INFO: [Synth 8-3491] module 'Decoder_2_to_4' declared at 'C:/Users/DELL/Desktop/Nanoprocessor Design Project Files/0. Nanoprocessor_3/Nanoprocessor_3.srcs/sources_1/imports/new/Decoder_2_to_4.vhd:34' bound to instance 'Decoder_2_to_4_1' of component 'Decoder_2_to_4' [C:/Users/DELL/Desktop/Nanoprocessor Design Project Files/0. Nanoprocessor_3/Nanoprocessor_3.srcs/sources_1/imports/new/Decoder_3_to_8.vhd:58]
INFO: [Synth 8-256] done synthesizing module 'Decoder_3_to_8' (13#1) [C:/Users/DELL/Desktop/Nanoprocessor Design Project Files/0. Nanoprocessor_3/Nanoprocessor_3.srcs/sources_1/imports/new/Decoder_3_to_8.vhd:40]
INFO: [Synth 8-3491] module 'D_REG' declared at 'C:/Users/DELL/Desktop/Nanoprocessor Design Project Files/0. Nanoprocessor_3/Nanoprocessor_3.srcs/sources_1/imports/new/D_REG.vhd:34' bound to instance 'D_REG_0' of component 'D_REG' [C:/Users/DELL/Desktop/Nanoprocessor Design Project Files/0. Nanoprocessor_3/Nanoprocessor_3.srcs/sources_1/imports/new/RegisterBank.vhd:84]
INFO: [Synth 8-638] synthesizing module 'D_REG' [C:/Users/DELL/Desktop/Nanoprocessor Design Project Files/0. Nanoprocessor_3/Nanoprocessor_3.srcs/sources_1/imports/new/D_REG.vhd:42]
INFO: [Synth 8-3491] module 'Reg_D_FF' declared at 'C:/Users/DELL/Desktop/Nanoprocessor Design Project Files/0. Nanoprocessor_3/Nanoprocessor_3.srcs/sources_1/imports/new/Reg_D_FF.vhd:34' bound to instance 'D_FF_0' of component 'Reg_D_FF' [C:/Users/DELL/Desktop/Nanoprocessor Design Project Files/0. Nanoprocessor_3/Nanoprocessor_3.srcs/sources_1/imports/new/D_REG.vhd:53]
INFO: [Synth 8-638] synthesizing module 'Reg_D_FF' [C:/Users/DELL/Desktop/Nanoprocessor Design Project Files/0. Nanoprocessor_3/Nanoprocessor_3.srcs/sources_1/imports/new/Reg_D_FF.vhd:43]
INFO: [Synth 8-256] done synthesizing module 'Reg_D_FF' (14#1) [C:/Users/DELL/Desktop/Nanoprocessor Design Project Files/0. Nanoprocessor_3/Nanoprocessor_3.srcs/sources_1/imports/new/Reg_D_FF.vhd:43]
INFO: [Synth 8-3491] module 'Reg_D_FF' declared at 'C:/Users/DELL/Desktop/Nanoprocessor Design Project Files/0. Nanoprocessor_3/Nanoprocessor_3.srcs/sources_1/imports/new/Reg_D_FF.vhd:34' bound to instance 'D_FF_1' of component 'Reg_D_FF' [C:/Users/DELL/Desktop/Nanoprocessor Design Project Files/0. Nanoprocessor_3/Nanoprocessor_3.srcs/sources_1/imports/new/D_REG.vhd:63]
INFO: [Synth 8-3491] module 'Reg_D_FF' declared at 'C:/Users/DELL/Desktop/Nanoprocessor Design Project Files/0. Nanoprocessor_3/Nanoprocessor_3.srcs/sources_1/imports/new/Reg_D_FF.vhd:34' bound to instance 'D_FF_2' of component 'Reg_D_FF' [C:/Users/DELL/Desktop/Nanoprocessor Design Project Files/0. Nanoprocessor_3/Nanoprocessor_3.srcs/sources_1/imports/new/D_REG.vhd:73]
INFO: [Synth 8-3491] module 'Reg_D_FF' declared at 'C:/Users/DELL/Desktop/Nanoprocessor Design Project Files/0. Nanoprocessor_3/Nanoprocessor_3.srcs/sources_1/imports/new/Reg_D_FF.vhd:34' bound to instance 'D_FF_3' of component 'Reg_D_FF' [C:/Users/DELL/Desktop/Nanoprocessor Design Project Files/0. Nanoprocessor_3/Nanoprocessor_3.srcs/sources_1/imports/new/D_REG.vhd:83]
INFO: [Synth 8-256] done synthesizing module 'D_REG' (15#1) [C:/Users/DELL/Desktop/Nanoprocessor Design Project Files/0. Nanoprocessor_3/Nanoprocessor_3.srcs/sources_1/imports/new/D_REG.vhd:42]
INFO: [Synth 8-3491] module 'D_REG' declared at 'C:/Users/DELL/Desktop/Nanoprocessor Design Project Files/0. Nanoprocessor_3/Nanoprocessor_3.srcs/sources_1/imports/new/D_REG.vhd:34' bound to instance 'D_REG_1' of component 'D_REG' [C:/Users/DELL/Desktop/Nanoprocessor Design Project Files/0. Nanoprocessor_3/Nanoprocessor_3.srcs/sources_1/imports/new/RegisterBank.vhd:94]
INFO: [Synth 8-3491] module 'D_REG' declared at 'C:/Users/DELL/Desktop/Nanoprocessor Design Project Files/0. Nanoprocessor_3/Nanoprocessor_3.srcs/sources_1/imports/new/D_REG.vhd:34' bound to instance 'D_REG_2' of component 'D_REG' [C:/Users/DELL/Desktop/Nanoprocessor Design Project Files/0. Nanoprocessor_3/Nanoprocessor_3.srcs/sources_1/imports/new/RegisterBank.vhd:105]
INFO: [Synth 8-3491] module 'D_REG' declared at 'C:/Users/DELL/Desktop/Nanoprocessor Design Project Files/0. Nanoprocessor_3/Nanoprocessor_3.srcs/sources_1/imports/new/D_REG.vhd:34' bound to instance 'D_REG_3' of component 'D_REG' [C:/Users/DELL/Desktop/Nanoprocessor Design Project Files/0. Nanoprocessor_3/Nanoprocessor_3.srcs/sources_1/imports/new/RegisterBank.vhd:115]
INFO: [Synth 8-3491] module 'D_REG' declared at 'C:/Users/DELL/Desktop/Nanoprocessor Design Project Files/0. Nanoprocessor_3/Nanoprocessor_3.srcs/sources_1/imports/new/D_REG.vhd:34' bound to instance 'D_REG_4' of component 'D_REG' [C:/Users/DELL/Desktop/Nanoprocessor Design Project Files/0. Nanoprocessor_3/Nanoprocessor_3.srcs/sources_1/imports/new/RegisterBank.vhd:125]
INFO: [Synth 8-3491] module 'D_REG' declared at 'C:/Users/DELL/Desktop/Nanoprocessor Design Project Files/0. Nanoprocessor_3/Nanoprocessor_3.srcs/sources_1/imports/new/D_REG.vhd:34' bound to instance 'D_REG_5' of component 'D_REG' [C:/Users/DELL/Desktop/Nanoprocessor Design Project Files/0. Nanoprocessor_3/Nanoprocessor_3.srcs/sources_1/imports/new/RegisterBank.vhd:135]
INFO: [Synth 8-3491] module 'D_REG' declared at 'C:/Users/DELL/Desktop/Nanoprocessor Design Project Files/0. Nanoprocessor_3/Nanoprocessor_3.srcs/sources_1/imports/new/D_REG.vhd:34' bound to instance 'D_REG_6' of component 'D_REG' [C:/Users/DELL/Desktop/Nanoprocessor Design Project Files/0. Nanoprocessor_3/Nanoprocessor_3.srcs/sources_1/imports/new/RegisterBank.vhd:145]
INFO: [Synth 8-3491] module 'D_REG' declared at 'C:/Users/DELL/Desktop/Nanoprocessor Design Project Files/0. Nanoprocessor_3/Nanoprocessor_3.srcs/sources_1/imports/new/D_REG.vhd:34' bound to instance 'D_REG_7' of component 'D_REG' [C:/Users/DELL/Desktop/Nanoprocessor Design Project Files/0. Nanoprocessor_3/Nanoprocessor_3.srcs/sources_1/imports/new/RegisterBank.vhd:156]
INFO: [Synth 8-256] done synthesizing module 'RegisterBank' (16#1) [C:/Users/DELL/Desktop/Nanoprocessor Design Project Files/0. Nanoprocessor_3/Nanoprocessor_3.srcs/sources_1/imports/new/RegisterBank.vhd:49]
INFO: [Synth 8-3491] module 'Mux_8_way_4_bit' declared at 'C:/Users/DELL/Desktop/Nanoprocessor Design Project Files/0. Nanoprocessor_3/Nanoprocessor_3.srcs/sources_1/imports/new/Mux_8_way_4_bit.vhd:34' bound to instance 'Mux_8_way_4_bit_A' of component 'Mux_8_way_4_bit' [C:/Users/DELL/Desktop/Nanoprocessor Design Project Files/0. Nanoprocessor_3/Nanoprocessor_3.srcs/sources_1/new/Nanoprocessor.vhd:218]
INFO: [Synth 8-638] synthesizing module 'Mux_8_way_4_bit' [C:/Users/DELL/Desktop/Nanoprocessor Design Project Files/0. Nanoprocessor_3/Nanoprocessor_3.srcs/sources_1/imports/new/Mux_8_way_4_bit.vhd:47]
INFO: [Synth 8-3491] module 'Mux_8_to_1' declared at 'C:/Users/DELL/Desktop/Nanoprocessor Design Project Files/0. Nanoprocessor_3/Nanoprocessor_3.srcs/sources_1/imports/new/Mux_8_to_1.vhd:34' bound to instance 'Mux_8_to_1_0' of component 'Mux_8_to_1' [C:/Users/DELL/Desktop/Nanoprocessor Design Project Files/0. Nanoprocessor_3/Nanoprocessor_3.srcs/sources_1/imports/new/Mux_8_way_4_bit.vhd:57]
INFO: [Synth 8-638] synthesizing module 'Mux_8_to_1' [C:/Users/DELL/Desktop/Nanoprocessor Design Project Files/0. Nanoprocessor_3/Nanoprocessor_3.srcs/sources_1/imports/new/Mux_8_to_1.vhd:41]
INFO: [Synth 8-3491] module 'Decoder_3_to_8' declared at 'C:/Users/DELL/Desktop/Nanoprocessor Design Project Files/0. Nanoprocessor_3/Nanoprocessor_3.srcs/sources_1/imports/new/Decoder_3_to_8.vhd:34' bound to instance 'Decoder_3_to_8_0' of component 'Decoder_3_to_8' [C:/Users/DELL/Desktop/Nanoprocessor Design Project Files/0. Nanoprocessor_3/Nanoprocessor_3.srcs/sources_1/imports/new/Mux_8_to_1.vhd:49]
INFO: [Synth 8-256] done synthesizing module 'Mux_8_to_1' (17#1) [C:/Users/DELL/Desktop/Nanoprocessor Design Project Files/0. Nanoprocessor_3/Nanoprocessor_3.srcs/sources_1/imports/new/Mux_8_to_1.vhd:41]
INFO: [Synth 8-3491] module 'Mux_8_to_1' declared at 'C:/Users/DELL/Desktop/Nanoprocessor Design Project Files/0. Nanoprocessor_3/Nanoprocessor_3.srcs/sources_1/imports/new/Mux_8_to_1.vhd:34' bound to instance 'Mux_8_to_1_1' of component 'Mux_8_to_1' [C:/Users/DELL/Desktop/Nanoprocessor Design Project Files/0. Nanoprocessor_3/Nanoprocessor_3.srcs/sources_1/imports/new/Mux_8_way_4_bit.vhd:71]
INFO: [Synth 8-3491] module 'Mux_8_to_1' declared at 'C:/Users/DELL/Desktop/Nanoprocessor Design Project Files/0. Nanoprocessor_3/Nanoprocessor_3.srcs/sources_1/imports/new/Mux_8_to_1.vhd:34' bound to instance 'Mux_8_to_1_2' of component 'Mux_8_to_1' [C:/Users/DELL/Desktop/Nanoprocessor Design Project Files/0. Nanoprocessor_3/Nanoprocessor_3.srcs/sources_1/imports/new/Mux_8_way_4_bit.vhd:85]
INFO: [Synth 8-3491] module 'Mux_8_to_1' declared at 'C:/Users/DELL/Desktop/Nanoprocessor Design Project Files/0. Nanoprocessor_3/Nanoprocessor_3.srcs/sources_1/imports/new/Mux_8_to_1.vhd:34' bound to instance 'Mux_8_to_1_3' of component 'Mux_8_to_1' [C:/Users/DELL/Desktop/Nanoprocessor Design Project Files/0. Nanoprocessor_3/Nanoprocessor_3.srcs/sources_1/imports/new/Mux_8_way_4_bit.vhd:99]
INFO: [Synth 8-256] done synthesizing module 'Mux_8_way_4_bit' (18#1) [C:/Users/DELL/Desktop/Nanoprocessor Design Project Files/0. Nanoprocessor_3/Nanoprocessor_3.srcs/sources_1/imports/new/Mux_8_way_4_bit.vhd:47]
INFO: [Synth 8-3491] module 'Mux_8_way_4_bit' declared at 'C:/Users/DELL/Desktop/Nanoprocessor Design Project Files/0. Nanoprocessor_3/Nanoprocessor_3.srcs/sources_1/imports/new/Mux_8_way_4_bit.vhd:34' bound to instance 'Mux_8_way_4_bit_B' of component 'Mux_8_way_4_bit' [C:/Users/DELL/Desktop/Nanoprocessor Design Project Files/0. Nanoprocessor_3/Nanoprocessor_3.srcs/sources_1/new/Nanoprocessor.vhd:231]
INFO: [Synth 8-3491] module 'Add_Sub_Unit_4' declared at 'C:/Users/DELL/Desktop/Nanoprocessor Design Project Files/0. Nanoprocessor_3/Nanoprocessor_3.srcs/sources_1/imports/new/Add_Sub_Unit_4.vhd:34' bound to instance 'Add_Sub_Unit_4_0' of component 'Add_Sub_Unit_4' [C:/Users/DELL/Desktop/Nanoprocessor Design Project Files/0. Nanoprocessor_3/Nanoprocessor_3.srcs/sources_1/new/Nanoprocessor.vhd:244]
INFO: [Synth 8-638] synthesizing module 'Add_Sub_Unit_4' [C:/Users/DELL/Desktop/Nanoprocessor Design Project Files/0. Nanoprocessor_3/Nanoprocessor_3.srcs/sources_1/imports/new/Add_Sub_Unit_4.vhd:43]
INFO: [Synth 8-3491] module 'RCA_4' declared at 'C:/Users/DELL/Desktop/Nanoprocessor Design Project Files/0. Nanoprocessor_3/Nanoprocessor_3.srcs/sources_1/imports/new/RCA_4.vhd:34' bound to instance 'RCA_4_0' of component 'RCA_4' [C:/Users/DELL/Desktop/Nanoprocessor Design Project Files/0. Nanoprocessor_3/Nanoprocessor_3.srcs/sources_1/imports/new/Add_Sub_Unit_4.vhd:67]
INFO: [Synth 8-638] synthesizing module 'RCA_4' [C:/Users/DELL/Desktop/Nanoprocessor Design Project Files/0. Nanoprocessor_3/Nanoprocessor_3.srcs/sources_1/imports/new/RCA_4.vhd:51]
INFO: [Synth 8-3491] module 'FA' declared at 'C:/Users/DELL/Desktop/Nanoprocessor Design Project Files/0. Nanoprocessor_3/Nanoprocessor_3.srcs/sources_1/imports/new/FA.vhd:34' bound to instance 'FA_0' of component 'FA' [C:/Users/DELL/Desktop/Nanoprocessor Design Project Files/0. Nanoprocessor_3/Nanoprocessor_3.srcs/sources_1/imports/new/RCA_4.vhd:66]
INFO: [Synth 8-3491] module 'FA' declared at 'C:/Users/DELL/Desktop/Nanoprocessor Design Project Files/0. Nanoprocessor_3/Nanoprocessor_3.srcs/sources_1/imports/new/FA.vhd:34' bound to instance 'FA_1' of component 'FA' [C:/Users/DELL/Desktop/Nanoprocessor Design Project Files/0. Nanoprocessor_3/Nanoprocessor_3.srcs/sources_1/imports/new/RCA_4.vhd:74]
INFO: [Synth 8-3491] module 'FA' declared at 'C:/Users/DELL/Desktop/Nanoprocessor Design Project Files/0. Nanoprocessor_3/Nanoprocessor_3.srcs/sources_1/imports/new/FA.vhd:34' bound to instance 'FA_2' of component 'FA' [C:/Users/DELL/Desktop/Nanoprocessor Design Project Files/0. Nanoprocessor_3/Nanoprocessor_3.srcs/sources_1/imports/new/RCA_4.vhd:82]
INFO: [Synth 8-3491] module 'FA' declared at 'C:/Users/DELL/Desktop/Nanoprocessor Design Project Files/0. Nanoprocessor_3/Nanoprocessor_3.srcs/sources_1/imports/new/FA.vhd:34' bound to instance 'FA_3' of component 'FA' [C:/Users/DELL/Desktop/Nanoprocessor Design Project Files/0. Nanoprocessor_3/Nanoprocessor_3.srcs/sources_1/imports/new/RCA_4.vhd:90]
INFO: [Synth 8-256] done synthesizing module 'RCA_4' (19#1) [C:/Users/DELL/Desktop/Nanoprocessor Design Project Files/0. Nanoprocessor_3/Nanoprocessor_3.srcs/sources_1/imports/new/RCA_4.vhd:51]
INFO: [Synth 8-256] done synthesizing module 'Add_Sub_Unit_4' (20#1) [C:/Users/DELL/Desktop/Nanoprocessor Design Project Files/0. Nanoprocessor_3/Nanoprocessor_3.srcs/sources_1/imports/new/Add_Sub_Unit_4.vhd:43]
INFO: [Synth 8-3491] module 'LUT_16_7' declared at 'C:/Users/DELL/Desktop/Nanoprocessor Design Project Files/0. Nanoprocessor_3/Nanoprocessor_3.srcs/sources_1/imports/new/LUT_16_7.vhd:35' bound to instance 'LUT_16_7_0' of component 'LUT_16_7' [C:/Users/DELL/Desktop/Nanoprocessor Design Project Files/0. Nanoprocessor_3/Nanoprocessor_3.srcs/sources_1/new/Nanoprocessor.vhd:255]
INFO: [Synth 8-638] synthesizing module 'LUT_16_7' [C:/Users/DELL/Desktop/Nanoprocessor Design Project Files/0. Nanoprocessor_3/Nanoprocessor_3.srcs/sources_1/imports/new/LUT_16_7.vhd:40]
INFO: [Synth 8-256] done synthesizing module 'LUT_16_7' (21#1) [C:/Users/DELL/Desktop/Nanoprocessor Design Project Files/0. Nanoprocessor_3/Nanoprocessor_3.srcs/sources_1/imports/new/LUT_16_7.vhd:40]
INFO: [Synth 8-256] done synthesizing module 'Nanoprocessor' (22#1) [C:/Users/DELL/Desktop/Nanoprocessor Design Project Files/0. Nanoprocessor_3/Nanoprocessor_3.srcs/sources_1/new/Nanoprocessor.vhd:44]
WARNING: [Synth 8-3917] design Nanoprocessor has port Anode[3] driven by constant 1
WARNING: [Synth 8-3917] design Nanoprocessor has port Anode[2] driven by constant 1
WARNING: [Synth 8-3917] design Nanoprocessor has port Anode[1] driven by constant 1
WARNING: [Synth 8-3917] design Nanoprocessor has port Anode[0] driven by constant 0
---------------------------------------------------------------------------------
Finished RTL Elaboration : Time (s): cpu = 00:00:04 ; elapsed = 00:00:03 . Memory (MB): peak = 1029.188 ; gain = 108.828
---------------------------------------------------------------------------------

Report Check Netlist: 
+------+------------------+-------+---------+-------+------------------+
|      |Item              |Errors |Warnings |Status |Description       |
+------+------------------+-------+---------+-------+------------------+
|1     |multi_driven_nets |      0|        0|Passed |Multi driven nets |
+------+------------------+-------+---------+-------+------------------+
---------------------------------------------------------------------------------
Start Handling Custom Attributes
---------------------------------------------------------------------------------
---------------------------------------------------------------------------------
Finished Handling Custom Attributes : Time (s): cpu = 00:00:04 ; elapsed = 00:00:03 . Memory (MB): peak = 1029.188 ; gain = 108.828
---------------------------------------------------------------------------------
---------------------------------------------------------------------------------
Finished RTL Optimization Phase 1 : Time (s): cpu = 00:00:04 ; elapsed = 00:00:03 . Memory (MB): peak = 1029.188 ; gain = 108.828
---------------------------------------------------------------------------------
INFO: [Device 21-403] Loading part xc7a35tcpg236-1
INFO: [Project 1-570] Preparing netlist for logic optimization
INFO: [Opt 31-141] Inserted 4 OBUFs to IO ports without IO buffers.

Processing XDC Constraints
Initializing timing engine
Parsing XDC File [C:/Users/DELL/Desktop/Nanoprocessor Design Project Files/0. Nanoprocessor_3/Nanoprocessor_3.srcs/constrs_1/imports/2. Labs/Basys3Labs.xdc]
Finished Parsing XDC File [C:/Users/DELL/Desktop/Nanoprocessor Design Project Files/0. Nanoprocessor_3/Nanoprocessor_3.srcs/constrs_1/imports/2. Labs/Basys3Labs.xdc]
Completed Processing XDC Constraints

INFO: [Opt 31-138] Pushed 0 inverter(s) to 0 load pin(s).
INFO: [Project 1-111] Unisim Transformation Summary:
No Unisim elements were transformed.

RTL Elaboration Complete:  : Time (s): cpu = 00:00:17 ; elapsed = 00:00:14 . Memory (MB): peak = 1386.508 ; gain = 466.148
100 Infos, 4 Warnings, 0 Critical Warnings and 0 Errors encountered.
synth_design completed successfully
synth_design: Time (s): cpu = 00:00:17 ; elapsed = 00:00:14 . Memory (MB): peak = 1386.508 ; gain = 466.148
exit
INFO: [Common 17-206] Exiting Vivado at Sat Jul 30 16:01:24 2022...
