#-----------------------------------------------------------
# Vivado v2018.2 (64-bit)
# SW Build 2258646 on Thu Jun 14 20:03:12 MDT 2018
# IP Build 2256618 on Thu Jun 14 22:10:49 MDT 2018
# Start of session at: Thu Aug  4 09:21:12 2022
# Process ID: 22820
# Current directory: C:/Users/DELL/Desktop/Nanoprocessor Design Project Files/0. Nanoprocessor_3
# Command line: vivado.exe -gui_launcher_event rodinguilauncherevent22608 C:\Users\DELL\Desktop\Nanoprocessor Design Project Files\0. Nanoprocessor_3\Nanoprocessor_3.xpr
# Log file: C:/Users/DELL/Desktop/Nanoprocessor Design Project Files/0. Nanoprocessor_3/vivado.log
# Journal file: C:/Users/DELL/Desktop/Nanoprocessor Design Project Files/0. Nanoprocessor_3\vivado.jou
#-----------------------------------------------------------
start_gui
open_project {C:/Users/DELL/Desktop/Nanoprocessor Design Project Files/0. Nanoprocessor_3/Nanoprocessor_3.xpr}
Scanning sources...
Finished scanning sources
INFO: [IP_Flow 19-234] Refreshing IP repositories
INFO: [IP_Flow 19-1704] No user IP repositories specified
INFO: [IP_Flow 19-2313] Loaded Vivado IP repository 'C:/Xilinx/Vivado/2018.2/data/ip'.
open_project: Time (s): cpu = 00:00:13 ; elapsed = 00:00:10 . Memory (MB): peak = 887.094 ; gain = 158.559
update_compile_order -fileset sources_1
exit
INFO: [Common 17-206] Exiting Vivado at Thu Aug  4 09:24:32 2022...
