#-----------------------------------------------------------
# Vivado v2018.2 (64-bit)
# SW Build 2258646 on Thu Jun 14 20:03:12 MDT 2018
# IP Build 2256618 on Thu Jun 14 22:10:49 MDT 2018
# Start of session at: Sat Jul 30 16:10:24 2022
# Process ID: 21376
# Current directory: C:/Users/DELL/Desktop/Nanoprocessor Design Project Files/5. Add_Sub_Unit_4_1
# Command line: vivado.exe -gui_launcher_event rodinguilauncherevent960 C:\Users\DELL\Desktop\Nanoprocessor Design Project Files\5. Add_Sub_Unit_4_1\Add_Sub_Unit_4_1.xpr
# Log file: C:/Users/DELL/Desktop/Nanoprocessor Design Project Files/5. Add_Sub_Unit_4_1/vivado.log
# Journal file: C:/Users/DELL/Desktop/Nanoprocessor Design Project Files/5. Add_Sub_Unit_4_1\vivado.jou
#-----------------------------------------------------------
start_gui
open_project {C:/Users/DELL/Desktop/Nanoprocessor Design Project Files/5. Add_Sub_Unit_4_1/Add_Sub_Unit_4_1.xpr}
Scanning sources...
Finished scanning sources
INFO: [IP_Flow 19-234] Refreshing IP repositories
INFO: [IP_Flow 19-1700] Loaded user IP repository 'e:/01. Engineering UOM/2. Second Semester/3. CS1050 - Computer Organization and Digital Design/2. Labs/IPs/AddSubUnit'.
INFO: [IP_Flow 19-2313] Loaded Vivado IP repository 'C:/Xilinx/Vivado/2018.2/data/ip'.
open_project: Time (s): cpu = 00:00:09 ; elapsed = 00:00:05 . Memory (MB): peak = 884.113 ; gain = 134.258
update_compile_order -fileset sources_1
synth_design -rtl -name rtl_1
Command: synth_design -rtl -name rtl_1
Starting synth_design
Using part: xc7a35tcpg236-1
Top: Add_Sub_Unit_4
---------------------------------------------------------------------------------
Starting RTL Elaboration : Time (s): cpu = 00:00:02 ; elapsed = 00:00:02 . Memory (MB): peak = 981.934 ; gain = 92.008
---------------------------------------------------------------------------------
INFO: [Synth 8-638] synthesizing module 'Add_Sub_Unit_4' [C:/Users/DELL/Desktop/Nanoprocessor Design Project Files/5. Add_Sub_Unit_4_1/Add_Sub_Unit_4_1.srcs/sources_1/imports/new/Add_Sub_Unit_4.vhd:43]
INFO: [Synth 8-3491] module 'RCA_4' declared at 'C:/Users/DELL/Desktop/Nanoprocessor Design Project Files/5. Add_Sub_Unit_4_1/Add_Sub_Unit_4_1.srcs/sources_1/imports/new/RCA_4.vhd:34' bound to instance 'RCA_4_0' of component 'RCA_4' [C:/Users/DELL/Desktop/Nanoprocessor Design Project Files/5. Add_Sub_Unit_4_1/Add_Sub_Unit_4_1.srcs/sources_1/imports/new/Add_Sub_Unit_4.vhd:67]
INFO: [Synth 8-638] synthesizing module 'RCA_4' [C:/Users/DELL/Desktop/Nanoprocessor Design Project Files/5. Add_Sub_Unit_4_1/Add_Sub_Unit_4_1.srcs/sources_1/imports/new/RCA_4.vhd:51]
INFO: [Synth 8-3491] module 'FA' declared at 'C:/Users/DELL/Desktop/Nanoprocessor Design Project Files/5. Add_Sub_Unit_4_1/Add_Sub_Unit_4_1.srcs/sources_1/imports/new/FA.vhd:34' bound to instance 'FA_0' of component 'FA' [C:/Users/DELL/Desktop/Nanoprocessor Design Project Files/5. Add_Sub_Unit_4_1/Add_Sub_Unit_4_1.srcs/sources_1/imports/new/RCA_4.vhd:66]
INFO: [Synth 8-638] synthesizing module 'FA' [C:/Users/DELL/Desktop/Nanoprocessor Design Project Files/5. Add_Sub_Unit_4_1/Add_Sub_Unit_4_1.srcs/sources_1/imports/new/FA.vhd:42]
INFO: [Synth 8-3491] module 'HA' declared at 'C:/Users/DELL/Desktop/Nanoprocessor Design Project Files/5. Add_Sub_Unit_4_1/Add_Sub_Unit_4_1.srcs/sources_1/imports/new/HA.vhd:34' bound to instance 'HA_0' of component 'HA' [C:/Users/DELL/Desktop/Nanoprocessor Design Project Files/5. Add_Sub_Unit_4_1/Add_Sub_Unit_4_1.srcs/sources_1/imports/new/FA.vhd:56]
INFO: [Synth 8-638] synthesizing module 'HA' [C:/Users/DELL/Desktop/Nanoprocessor Design Project Files/5. Add_Sub_Unit_4_1/Add_Sub_Unit_4_1.srcs/sources_1/imports/new/HA.vhd:41]
INFO: [Synth 8-256] done synthesizing module 'HA' (1#1) [C:/Users/DELL/Desktop/Nanoprocessor Design Project Files/5. Add_Sub_Unit_4_1/Add_Sub_Unit_4_1.srcs/sources_1/imports/new/HA.vhd:41]
INFO: [Synth 8-3491] module 'HA' declared at 'C:/Users/DELL/Desktop/Nanoprocessor Design Project Files/5. Add_Sub_Unit_4_1/Add_Sub_Unit_4_1.srcs/sources_1/imports/new/HA.vhd:34' bound to instance 'HA_1' of component 'HA' [C:/Users/DELL/Desktop/Nanoprocessor Design Project Files/5. Add_Sub_Unit_4_1/Add_Sub_Unit_4_1.srcs/sources_1/imports/new/FA.vhd:63]
INFO: [Synth 8-256] done synthesizing module 'FA' (2#1) [C:/Users/DELL/Desktop/Nanoprocessor Design Project Files/5. Add_Sub_Unit_4_1/Add_Sub_Unit_4_1.srcs/sources_1/imports/new/FA.vhd:42]
INFO: [Synth 8-3491] module 'FA' declared at 'C:/Users/DELL/Desktop/Nanoprocessor Design Project Files/5. Add_Sub_Unit_4_1/Add_Sub_Unit_4_1.srcs/sources_1/imports/new/FA.vhd:34' bound to instance 'FA_1' of component 'FA' [C:/Users/DELL/Desktop/Nanoprocessor Design Project Files/5. Add_Sub_Unit_4_1/Add_Sub_Unit_4_1.srcs/sources_1/imports/new/RCA_4.vhd:74]
INFO: [Synth 8-3491] module 'FA' declared at 'C:/Users/DELL/Desktop/Nanoprocessor Design Project Files/5. Add_Sub_Unit_4_1/Add_Sub_Unit_4_1.srcs/sources_1/imports/new/FA.vhd:34' bound to instance 'FA_2' of component 'FA' [C:/Users/DELL/Desktop/Nanoprocessor Design Project Files/5. Add_Sub_Unit_4_1/Add_Sub_Unit_4_1.srcs/sources_1/imports/new/RCA_4.vhd:82]
INFO: [Synth 8-3491] module 'FA' declared at 'C:/Users/DELL/Desktop/Nanoprocessor Design Project Files/5. Add_Sub_Unit_4_1/Add_Sub_Unit_4_1.srcs/sources_1/imports/new/FA.vhd:34' bound to instance 'FA_3' of component 'FA' [C:/Users/DELL/Desktop/Nanoprocessor Design Project Files/5. Add_Sub_Unit_4_1/Add_Sub_Unit_4_1.srcs/sources_1/imports/new/RCA_4.vhd:90]
INFO: [Synth 8-256] done synthesizing module 'RCA_4' (3#1) [C:/Users/DELL/Desktop/Nanoprocessor Design Project Files/5. Add_Sub_Unit_4_1/Add_Sub_Unit_4_1.srcs/sources_1/imports/new/RCA_4.vhd:51]
INFO: [Synth 8-256] done synthesizing module 'Add_Sub_Unit_4' (4#1) [C:/Users/DELL/Desktop/Nanoprocessor Design Project Files/5. Add_Sub_Unit_4_1/Add_Sub_Unit_4_1.srcs/sources_1/imports/new/Add_Sub_Unit_4.vhd:43]
---------------------------------------------------------------------------------
Finished RTL Elaboration : Time (s): cpu = 00:00:03 ; elapsed = 00:00:03 . Memory (MB): peak = 1031.473 ; gain = 141.547
---------------------------------------------------------------------------------

Report Check Netlist: 
+------+------------------+-------+---------+-------+------------------+
|      |Item              |Errors |Warnings |Status |Description       |
+------+------------------+-------+---------+-------+------------------+
|1     |multi_driven_nets |      0|        0|Passed |Multi driven nets |
+------+------------------+-------+---------+-------+------------------+
---------------------------------------------------------------------------------
Start Handling Custom Attributes
---------------------------------------------------------------------------------
---------------------------------------------------------------------------------
Finished Handling Custom Attributes : Time (s): cpu = 00:00:03 ; elapsed = 00:00:03 . Memory (MB): peak = 1031.473 ; gain = 141.547
---------------------------------------------------------------------------------
---------------------------------------------------------------------------------
Finished RTL Optimization Phase 1 : Time (s): cpu = 00:00:03 ; elapsed = 00:00:03 . Memory (MB): peak = 1031.473 ; gain = 141.547
---------------------------------------------------------------------------------
INFO: [Device 21-403] Loading part xc7a35tcpg236-1
INFO: [Project 1-570] Preparing netlist for logic optimization

Processing XDC Constraints
Initializing timing engine
Completed Processing XDC Constraints

INFO: [Opt 31-138] Pushed 0 inverter(s) to 0 load pin(s).
INFO: [Project 1-111] Unisim Transformation Summary:
No Unisim elements were transformed.

RTL Elaboration Complete:  : Time (s): cpu = 00:00:17 ; elapsed = 00:00:12 . Memory (MB): peak = 1375.004 ; gain = 485.078
19 Infos, 0 Warnings, 0 Critical Warnings and 0 Errors encountered.
synth_design completed successfully
synth_design: Time (s): cpu = 00:00:17 ; elapsed = 00:00:13 . Memory (MB): peak = 1375.004 ; gain = 485.078
exit
INFO: [Common 17-206] Exiting Vivado at Sat Jul 30 16:12:04 2022...
