#-----------------------------------------------------------
# Vivado v2018.2 (64-bit)
# SW Build 2258646 on Thu Jun 14 20:03:12 MDT 2018
# IP Build 2256618 on Thu Jun 14 22:10:49 MDT 2018
# Start of session at: Sat Jul 30 16:08:38 2022
# Process ID: 13976
# Current directory: C:/Users/DELL/Desktop/Nanoprocessor Design Project Files/4. Ins_Decoder
# Command line: vivado.exe -gui_launcher_event rodinguilauncherevent11584 C:\Users\DELL\Desktop\Nanoprocessor Design Project Files\4. Ins_Decoder\Ins_Decoder.xpr
# Log file: C:/Users/DELL/Desktop/Nanoprocessor Design Project Files/4. Ins_Decoder/vivado.log
# Journal file: C:/Users/DELL/Desktop/Nanoprocessor Design Project Files/4. Ins_Decoder\vivado.jou
#-----------------------------------------------------------
start_gui
open_project {C:/Users/DELL/Desktop/Nanoprocessor Design Project Files/4. Ins_Decoder/Ins_Decoder.xpr}
Scanning sources...
Finished scanning sources
INFO: [IP_Flow 19-234] Refreshing IP repositories
INFO: [IP_Flow 19-1700] Loaded user IP repository 'e:/01. Engineering UOM/2. Second Semester/3. CS1050 - Computer Organization and Digital Design/2. Labs/IPs/Ins_Decoder'.
INFO: [IP_Flow 19-2313] Loaded Vivado IP repository 'C:/Xilinx/Vivado/2018.2/data/ip'.
open_project: Time (s): cpu = 00:00:09 ; elapsed = 00:00:06 . Memory (MB): peak = 882.441 ; gain = 141.051
update_compile_order -fileset sources_1
synth_design -rtl -name rtl_1
Command: synth_design -rtl -name rtl_1
Starting synth_design
Using part: xc7a35tcpg236-1
Top: Ins_Decoder
---------------------------------------------------------------------------------
Starting RTL Elaboration : Time (s): cpu = 00:00:03 ; elapsed = 00:00:02 . Memory (MB): peak = 997.738 ; gain = 102.645
---------------------------------------------------------------------------------
INFO: [Synth 8-638] synthesizing module 'Ins_Decoder' [C:/Users/DELL/Desktop/Nanoprocessor Design Project Files/4. Ins_Decoder/Ins_Decoder.srcs/sources_1/new/Ins_Decoder.vhd:47]
INFO: [Synth 8-3491] module 'Decoder_2_to_4' declared at 'C:/Users/DELL/Desktop/Nanoprocessor Design Project Files/4. Ins_Decoder/Ins_Decoder.srcs/sources_1/imports/new/Decoder_2_to_4.vhd:34' bound to instance 'Decoder_2_to_4_0' of component 'Decoder_2_to_4' [C:/Users/DELL/Desktop/Nanoprocessor Design Project Files/4. Ins_Decoder/Ins_Decoder.srcs/sources_1/new/Ins_Decoder.vhd:57]
INFO: [Synth 8-638] synthesizing module 'Decoder_2_to_4' [C:/Users/DELL/Desktop/Nanoprocessor Design Project Files/4. Ins_Decoder/Ins_Decoder.srcs/sources_1/imports/new/Decoder_2_to_4.vhd:40]
INFO: [Synth 8-256] done synthesizing module 'Decoder_2_to_4' (1#1) [C:/Users/DELL/Desktop/Nanoprocessor Design Project Files/4. Ins_Decoder/Ins_Decoder.srcs/sources_1/imports/new/Decoder_2_to_4.vhd:40]
INFO: [Synth 8-256] done synthesizing module 'Ins_Decoder' (2#1) [C:/Users/DELL/Desktop/Nanoprocessor Design Project Files/4. Ins_Decoder/Ins_Decoder.srcs/sources_1/new/Ins_Decoder.vhd:47]
---------------------------------------------------------------------------------
Finished RTL Elaboration : Time (s): cpu = 00:00:03 ; elapsed = 00:00:03 . Memory (MB): peak = 1043.379 ; gain = 148.285
---------------------------------------------------------------------------------

Report Check Netlist: 
+------+------------------+-------+---------+-------+------------------+
|      |Item              |Errors |Warnings |Status |Description       |
+------+------------------+-------+---------+-------+------------------+
|1     |multi_driven_nets |      0|        0|Passed |Multi driven nets |
+------+------------------+-------+---------+-------+------------------+
---------------------------------------------------------------------------------
Start Handling Custom Attributes
---------------------------------------------------------------------------------
---------------------------------------------------------------------------------
Finished Handling Custom Attributes : Time (s): cpu = 00:00:03 ; elapsed = 00:00:03 . Memory (MB): peak = 1043.379 ; gain = 148.285
---------------------------------------------------------------------------------
---------------------------------------------------------------------------------
Finished RTL Optimization Phase 1 : Time (s): cpu = 00:00:03 ; elapsed = 00:00:03 . Memory (MB): peak = 1043.379 ; gain = 148.285
---------------------------------------------------------------------------------
INFO: [Device 21-403] Loading part xc7a35tcpg236-1
INFO: [Project 1-570] Preparing netlist for logic optimization
INFO: [Opt 31-140] Inserted 10 IBUFs to IO ports without IO buffers.
INFO: [Opt 31-141] Inserted 16 OBUFs to IO ports without IO buffers.

Processing XDC Constraints
Initializing timing engine
Completed Processing XDC Constraints

INFO: [Opt 31-138] Pushed 0 inverter(s) to 0 load pin(s).
INFO: [Project 1-111] Unisim Transformation Summary:
No Unisim elements were transformed.

RTL Elaboration Complete:  : Time (s): cpu = 00:00:17 ; elapsed = 00:00:12 . Memory (MB): peak = 1354.609 ; gain = 459.516
11 Infos, 0 Warnings, 0 Critical Warnings and 0 Errors encountered.
synth_design completed successfully
synth_design: Time (s): cpu = 00:00:17 ; elapsed = 00:00:12 . Memory (MB): peak = 1354.609 ; gain = 460.246
exit
INFO: [Common 17-206] Exiting Vivado at Sat Jul 30 16:09:58 2022...
