#-----------------------------------------------------------
# Vivado v2018.2 (64-bit)
# SW Build 2258646 on Thu Jun 14 20:03:12 MDT 2018
# IP Build 2256618 on Thu Jun 14 22:10:49 MDT 2018
# Start of session at: Tue Aug  2 10:47:13 2022
# Process ID: 14404
# Current directory: C:/Users/DELL/Desktop/Nanoprocessor Design Project Files/2. RCA_3
# Command line: vivado.exe -gui_launcher_event rodinguilauncherevent20020 C:\Users\DELL\Desktop\Nanoprocessor Design Project Files\2. RCA_3\RCA_3.xpr
# Log file: C:/Users/DELL/Desktop/Nanoprocessor Design Project Files/2. RCA_3/vivado.log
# Journal file: C:/Users/DELL/Desktop/Nanoprocessor Design Project Files/2. RCA_3\vivado.jou
#-----------------------------------------------------------
start_gui
open_project {C:/Users/DELL/Desktop/Nanoprocessor Design Project Files/2. RCA_3/RCA_3.xpr}
Scanning sources...
Finished scanning sources
INFO: [IP_Flow 19-234] Refreshing IP repositories
INFO: [IP_Flow 19-1700] Loaded user IP repository 'e:/01. Engineering UOM/2. Second Semester/3. CS1050 - Computer Organization and Digital Design/2. Labs/IPs/RCA_3'.
INFO: [IP_Flow 19-2313] Loaded Vivado IP repository 'C:/Xilinx/Vivado/2018.2/data/ip'.
open_project: Time (s): cpu = 00:00:09 ; elapsed = 00:00:08 . Memory (MB): peak = 868.703 ; gain = 126.875
update_compile_order -fileset sources_1
exit
INFO: [Common 17-206] Exiting Vivado at Tue Aug  2 10:50:13 2022...
